<?xml version="1.0" encoding="UTF-8"?>
<testsuites>
  <testsuite name="search watches page" timestamp="2021-05-31T16:10:48" time="2.341" tests="1" failures="1" errors="1" skipped="0">
    <properties>
      <property name="specId" value="0"/>
      <property name="suiteName" value="search watches page"/>
      <property name="capabilities" value="chrome.90_0_4430_212.win32"/>
      <property name="file" value=".\test\specs\eBayWatchesSearch.js"/>
    </properties>
    <testcase classname="chrome.90_0_4430_212.win32.search watches page" name="before all hook for search watches page" time="2.329">
      <failure/>
      <error message="stale element reference: The element with reference ELEMENT-4 is stale; either the element is no longer attached to the DOM, it is not in the current frame context, or the document has been refreshed"/>
      <system-err><![CDATA[
stale element reference: The element with reference ELEMENT-4 is stale; either the element is no longer attached to the DOM, it is not in the current frame context, or the document has been refreshed
    at Object.getStaleElementError (C:\Users\Conor\Desktop\webdriverioframe-pli\node_modules\@wdio\runner\node_modules\devtools\build\utils.js:182:19)
    at DevToolsDriver.getElementRect (C:\Users\Conor\Desktop\webdriverioframe-pli\node_modules\@wdio\runner\node_modules\devtools\build\commands\getElementRect.js:19:23)
    at processTicksAndRejections (internal/process/task_queues.js:97:5)
    at Element.wrappedCommand (C:\Users\Conor\Desktop\webdriverioframe-pli\node_modules\@wdio\runner\node_modules\devtools\build\devtoolsdriver.js:75:26)
    at Element.elementErrorHandlerCallbackFn (C:\Users\Conor\Desktop\webdriverioframe-pli\node_modules\@wdio\runner\node_modules\webdriverio\build\middlewares.js:40:28)
    at Object.getElementRect (C:\Users\Conor\Desktop\webdriverioframe-pli\node_modules\@wdio\runner\node_modules\webdriverio\build\utils\index.js:281:18)
    at Element.moveTo (C:\Users\Conor\Desktop\webdriverioframe-pli\node_modules\@wdio\runner\node_modules\webdriverio\build\commands\element\moveTo.js:25:37)
    at Element.runCommandWithHooks (C:\Users\Conor\Desktop\webdriverioframe-pli\node_modules\@wdio\sync\build\wrapCommand.js:105:25)
    at Element.runCommandWithHooks (C:\Users\Conor\Desktop\webdriverioframe-pli\node_modules\@wdio\sync\build\wrapCommand.js:100:24)
    at Element.wrapCommandFn (C:\Users\Conor\Desktop\webdriverioframe-pli\node_modules\@wdio\sync\build\wrapCommand.js:67:44)
    at Element.moveTo (C:\Users\Conor\Desktop\webdriverioframe-pli\node_modules\@wdio\runner\node_modules\webdriverio\build\middlewares.js:44:12)
    at Context.<anonymous> (C:\Users\Conor\Desktop\webdriverioframe-pli\test\specs\/eBayWatchesSearch.js:9:37)
    at Context.executeSync (C:\Users\Conor\Desktop\webdriverioframe-pli\node_modules\@wdio\sync\build\index.js:38:22)
    at C:\Users\Conor\Desktop\webdriverioframe-pli\node_modules\@wdio\sync\build\index.js:69:68
]]></system-err>
    </testcase>
  </testsuite>
</testsuites>