<?xml version="1.0" encoding="UTF-8"?>
<testsuites>
  <testsuite name="Launch eBay and verify E2E flow" timestamp="2021-04-20T07:27:24" time="0.45" tests="1" failures="1" errors="1" skipped="0">
    <properties>
      <property name="specId" value="0"/>
      <property name="suiteName" value="Launch eBay and verify E2E flow"/>
      <property name="capabilities" value="chrome.89_0_4389_114.win32"/>
      <property name="file" value=".\test\specs\eBayTotal.js"/>
    </properties>
    <testcase classname="chrome.89_0_4389_114.win32.Launch eBay and verify E2E flow" name="verify e2e search Category" time="0.008">
      <failure/>
      <error message="Cannot read property 'actualRowCount' of undefined"/>
      <system-out><![CDATA[
COMMAND: takeScreenshot - {}
RESULT: undefined
COMMAND: deleteSession - {}
RESULT: undefined
]]></system-out>
      <system-err><![CDATA[
TypeError: Cannot read property 'actualRowCount' of undefined
    at Context.<anonymous> (C:\Users\sprakesh\Projects\webdriverioframe-pli\test\specs\/eBayTotal.js:25:45)
    at Context.executeSync (C:\Users\sprakesh\Projects\webdriverioframe-pli\node_modules\@wdio\sync\build\index.js:38:22)
    at C:\Users\sprakesh\Projects\webdriverioframe-pli\node_modules\@wdio\sync\build\index.js:69:68
]]></system-err>
    </testcase>
  </testsuite>
</testsuites>