<?xml version="1.0" encoding="UTF-8"?>
<testsuites>
  <testsuite name="search watches page" timestamp="2021-04-18T03:51:17" time="8.061" tests="1" failures="1" errors="1" skipped="0">
    <properties>
      <property name="specId" value="0"/>
      <property name="suiteName" value="search watches page"/>
      <property name="capabilities" value="chrome.89_0_4389_114.win32"/>
      <property name="file" value=".\test\specs\eBayWatchesSearch.js"/>
    </properties>
    <testcase classname="chrome.89_0_4389_114.win32.search watches page" name="before all hook for search watches page" time="8.049">
      <failure/>
      <error message="element (&quot;.hl-cat-nav__sub-cat-col a[href*=&quot;Watches-Parts&quot;]&quot;) still not clickable after 3000ms"/>
      <system-err><![CDATA[
Error: element (".hl-cat-nav__sub-cat-col a[href*="Watches-Parts"]") still not clickable after 3000ms
    at C:\Users\sprakesh\Projects\webdriverioframe-pli\node_modules\@wdio\runner\node_modules\webdriverio\build\commands\browser\waitUntil.js:66:23
    at Element.elementErrorHandlerCallbackFn (C:\Users\sprakesh\Projects\webdriverioframe-pli\node_modules\@wdio\runner\node_modules\webdriverio\build\middlewares.js:23:32)
    at Element.runCommandWithHooks (C:\Users\sprakesh\Projects\webdriverioframe-pli\node_modules\@wdio\sync\build\wrapCommand.js:105:25)
    at Element.runCommandWithHooks (C:\Users\sprakesh\Projects\webdriverioframe-pli\node_modules\@wdio\sync\build\wrapCommand.js:100:24)
    at Element.wrapCommandFn (C:\Users\sprakesh\Projects\webdriverioframe-pli\node_modules\@wdio\sync\build\wrapCommand.js:67:44)
    at Element.waitForClickable (C:\Users\sprakesh\Projects\webdriverioframe-pli\node_modules\@wdio\runner\node_modules\webdriverio\build\middlewares.js:44:12)
    at Context.<anonymous> (C:\Users\sprakesh\Projects\webdriverioFrame-pli\test\specs\/eBayWatchesSearch.js:7:37)
    at Context.executeSync (C:\Users\sprakesh\Projects\webdriverioframe-pli\node_modules\@wdio\sync\build\index.js:38:22)
    at C:\Users\sprakesh\Projects\webdriverioframe-pli\node_modules\@wdio\sync\build\index.js:69:68
]]></system-err>
    </testcase>
  </testsuite>
</testsuites>